Unity Editor version:    2023.2.20f1 (0e25a174756c)
Branch:                  2023.2/staging
Build type:              Release
Batch mode:              YES
macOS version:           Version 15.0.1 (Build 24A348)
Darwin version:          24.0.0
Architecture:            arm64
Running under Rosetta:   NO
Available memory:        16384 MB
Using pre-set license
Pro License: YES

COMMAND LINE ARGUMENTS:
/Applications/Unity/Hub/Editor/2023.2.20f1/Unity.app/Contents/MacOS/Unity
-adb2
-batchMode
-noUpm
-name
AssetImportWorker1
-projectPath
/Users/mathi/Desktop/portfolio/PortfolioGH/VV/V-V/v-v-4J4-9ddca8e686c5182d2944d287d3896d856ad8bfa2
-logFile
Logs/AssetImportWorker1.log
-srvPort
63784
-job-worker-count
3
-background-job-worker-count
8
-asset-garbage-collectors
1
Successfully changed project path to: /Users/mathi/Desktop/portfolio/PortfolioGH/VV/V-V/v-v-4J4-9ddca8e686c5182d2944d287d3896d856ad8bfa2
/Users/mathi/Desktop/portfolio/PortfolioGH/VV/V-V/v-v-4J4-9ddca8e686c5182d2944d287d3896d856ad8bfa2
[UnityMemory] Configuration Parameters - Can be set up in boot.config
    "memorysetup-bucket-allocator-granularity=16"
    "memorysetup-bucket-allocator-bucket-count=8"
    "memorysetup-bucket-allocator-block-size=33554432"
    "memorysetup-bucket-allocator-block-count=8"
    "memorysetup-main-allocator-block-size=16777216"
    "memorysetup-thread-allocator-block-size=16777216"
    "memorysetup-gfx-main-allocator-block-size=16777216"
    "memorysetup-gfx-thread-allocator-block-size=16777216"
    "memorysetup-cache-allocator-block-size=4194304"
    "memorysetup-typetree-allocator-block-size=2097152"
    "memorysetup-profiler-bucket-allocator-granularity=16"
    "memorysetup-profiler-bucket-allocator-bucket-count=8"
    "memorysetup-profiler-bucket-allocator-block-size=33554432"
    "memorysetup-profiler-bucket-allocator-block-count=8"
    "memorysetup-profiler-allocator-block-size=16777216"
    "memorysetup-profiler-editor-allocator-block-size=1048576"
    "memorysetup-temp-allocator-size-main=16777216"
    "memorysetup-job-temp-allocator-block-size=2097152"
    "memorysetup-job-temp-allocator-block-size-background=1048576"
    "memorysetup-job-temp-allocator-reduction-small-platforms=262144"
    "memorysetup-allocator-temp-initial-block-size-main=262144"
    "memorysetup-allocator-temp-initial-block-size-worker=262144"
    "memorysetup-temp-allocator-size-background-worker=32768"
    "memorysetup-temp-allocator-size-job-worker=262144"
    "memorysetup-temp-allocator-size-preload-manager=33554432"
    "memorysetup-temp-allocator-size-nav-mesh-worker=65536"
    "memorysetup-temp-allocator-size-audio-worker=65536"
    "memorysetup-temp-allocator-size-cloud-worker=32768"
    "memorysetup-temp-allocator-size-gi-baking-worker=262144"
    "memorysetup-temp-allocator-size-gi-baking-worker=262144"
    "memorysetup-temp-allocator-size-gi-baking-worker=262144"
    "memorysetup-temp-allocator-size-gi-baking-worker=262144"
    "memorysetup-temp-allocator-size-gfx=262144"
Player connection [8488612416] Host "[IP] 10.0.0.60 [Port] 0 [Flags] 2 [Guid] 225462923 [EditorId] 225462923 [Version] 1048832 [Id] OSXEditor(0,MacBook-Air.local) [Debug] 1 [PackageName] OSXEditor [ProjectName] Editor" joined multi-casting on [225.0.0.222:54997]...
Player connection [8488612416] Host "[IP] 10.0.0.60 [Port] 0 [Flags] 2 [Guid] 225462923 [EditorId] 225462923 [Version] 1048832 [Id] OSXEditor(0,MacBook-Air.local) [Debug] 1 [PackageName] OSXEditor [ProjectName] Editor" joined alternative multi-casting on [225.0.0.222:34997]...
JobSystem: Creating JobQueue using job-worker-count value 3
[Physics::Module] Initialized MultithreadedJobDispatcher with 3 workers.
Library Redirect Path: Library/
Refreshing native plugins compatible for Editor in 3.31 ms, found 3 plugins.
Preloading 0 native plugins for Editor in 0.00 ms.
Initialize engine version: 2023.2.20f1 (0e25a174756c)
[Subsystems] Discovering subsystems at path /Applications/Unity/Hub/Editor/2023.2.20f1/Unity.app/Contents/Resources/UnitySubsystems
[Subsystems] Discovering subsystems at path /Users/mathi/Desktop/portfolio/PortfolioGH/VV/V-V/v-v-4J4-9ddca8e686c5182d2944d287d3896d856ad8bfa2/Assets
GfxDevice: creating device client; kGfxThreadingModeNonThreaded
 preferred device: Apple M1 (high power)
Metal devices available: 1
0: Apple M1 (high power)
Using device Apple M1 (high power)
Initializing Metal device caps: Apple M1
Initialize mono
Mono path[0] = '/Applications/Unity/Hub/Editor/2023.2.20f1/Unity.app/Contents/Managed'
Mono path[1] = '/Applications/Unity/Hub/Editor/2023.2.20f1/Unity.app/Contents/MonoBleedingEdge/lib/mono/unityjit-macos'
Mono config path = '/Applications/Unity/Hub/Editor/2023.2.20f1/Unity.app/Contents/MonoBleedingEdge/etc'
Using monoOptions --debugger-agent=transport=dt_socket,embedding=1,server=y,suspend=n,address=127.0.0.1:56046
Begin MonoManager ReloadAssembly
Registering precompiled unity dll's ...
Register platform support module: /Applications/Unity/Hub/Editor/2023.2.20f1/PlaybackEngines/WebGLSupport/UnityEditor.WebGL.Extensions.dll
Register platform support module: /Applications/Unity/Hub/Editor/2023.2.20f1/Unity.app/Contents/PlaybackEngines/MacStandaloneSupport/UnityEditor.OSXStandalone.Extensions.dll
Register platform support module: /Applications/Unity/Hub/Editor/2023.2.20f1/PlaybackEngines/WindowsStandaloneSupport/UnityEditor.WindowsStandalone.Extensions.dll
Registered in 0.004172 seconds.
- Loaded All Assemblies, in  0.551 seconds
Native extension for WindowsStandalone target not found
Native extension for OSXStandalone target not found
Native extension for WebGL target not found
Mono: successfully reloaded assembly
- Finished resetting the current domain, in  0.444 seconds
Domain Reload Profiling: 995ms
	BeginReloadAssembly (152ms)
		ExecutionOrderSort (0ms)
		DisableScriptedObjects (0ms)
		BackupInstance (0ms)
		ReleaseScriptingObjects (0ms)
		CreateAndSetChildDomain (1ms)
	RebuildCommonClasses (63ms)
	RebuildNativeTypeToScriptingClass (24ms)
	initialDomainReloadingComplete (68ms)
	LoadAllAssembliesAndSetupDomain (243ms)
		LoadAssemblies (153ms)
		RebuildTransferFunctionScriptingTraits (0ms)
		AnalyzeDomain (239ms)
			TypeCache.Refresh (237ms)
				TypeCache.ScanAssembly (219ms)
			BuildScriptInfoCaches (0ms)
			ResolveRequiredComponents (1ms)
	FinalizeReload (445ms)
		ReleaseScriptCaches (0ms)
		RebuildScriptCaches (0ms)
		SetupLoadedEditorAssemblies (363ms)
			LogAssemblyErrors (0ms)
			InitializePlatformSupportModulesInManaged (35ms)
			SetLoadedEditorAssemblies (6ms)
			BeforeProcessingInitializeOnLoad (6ms)
			ProcessInitializeOnLoadAttributes (230ms)
			ProcessInitializeOnLoadMethodAttributes (85ms)
			AfterProcessingInitializeOnLoad (0ms)
			EditorAssembliesLoaded (0ms)
		ExecutionOrderSort2 (0ms)
		AwakeInstancesAfterBackupRestoration (0ms)
========================================================================
Worker process is ready to serve import requests
Import Worker Mode flag is 0x00
Begin MonoManager ReloadAssembly
Symbol file LoadedFromMemory doesn't match image /Users/mathi/Desktop/portfolio/PortfolioGH/VV/V-V/v-v-4J4-9ddca8e686c5182d2944d287d3896d856ad8bfa2/Library/PackageCache/com.unity.visualscripting@1.8.0/Editor/VisualScripting.Core/Dependencies/YamlDotNet/Unity.VisualScripting.YamlDotNet.dll
Symbol file LoadedFromMemory doesn't match image /Users/mathi/Desktop/portfolio/PortfolioGH/VV/V-V/v-v-4J4-9ddca8e686c5182d2944d287d3896d856ad8bfa2/Library/PackageCache/com.unity.visualscripting@1.8.0/Editor/VisualScripting.Core/Dependencies/DotNetZip/Unity.VisualScripting.IonicZip.dll
- Loaded All Assemblies, in  1.801 seconds
Refreshing native plugins compatible for Editor in 1.17 ms, found 3 plugins.
Native extension for WindowsStandalone target not found
Native extension for OSXStandalone target not found
Native extension for WebGL target not found
Refreshing native plugins compatible for Editor in 0.96 ms, found 3 plugins.
Mono: successfully reloaded assembly
- Finished resetting the current domain, in  1.474 seconds
Domain Reload Profiling: 3275ms
	BeginReloadAssembly (859ms)
		ExecutionOrderSort (0ms)
		DisableScriptedObjects (6ms)
		BackupInstance (0ms)
		ReleaseScriptingObjects (0ms)
		CreateAndSetChildDomain (45ms)
	RebuildCommonClasses (48ms)
	RebuildNativeTypeToScriptingClass (18ms)
	initialDomainReloadingComplete (41ms)
	LoadAllAssembliesAndSetupDomain (835ms)
		LoadAssemblies (482ms)
		RebuildTransferFunctionScriptingTraits (0ms)
		AnalyzeDomain (420ms)
			TypeCache.Refresh (323ms)
				TypeCache.ScanAssembly (294ms)
			BuildScriptInfoCaches (72ms)
			ResolveRequiredComponents (21ms)
	FinalizeReload (1475ms)
		ReleaseScriptCaches (0ms)
		RebuildScriptCaches (0ms)
		SetupLoadedEditorAssemblies (1055ms)
			LogAssemblyErrors (0ms)
			InitializePlatformSupportModulesInManaged (6ms)
			SetLoadedEditorAssemblies (9ms)
			BeforeProcessingInitializeOnLoad (122ms)
			ProcessInitializeOnLoadAttributes (847ms)
			ProcessInitializeOnLoadMethodAttributes (70ms)
			AfterProcessingInitializeOnLoad (1ms)
			EditorAssembliesLoaded (0ms)
		ExecutionOrderSort2 (0ms)
		AwakeInstancesAfterBackupRestoration (9ms)
Launching external process: /Applications/Unity/Hub/Editor/2023.2.20f1/Unity.app/Contents/Tools/UnityShaderCompiler
Launched and connected shader compiler UnityShaderCompiler after 0.06 seconds
Refreshing native plugins compatible for Editor in 0.73 ms, found 3 plugins.
Preloading 0 native plugins for Editor in 0.00 ms.
Unloading 186 Unused Serialized files (Serialized files now loaded: 0)
Unloading 6069 unused Assets / (5.1 MB). Loaded Objects now: 6753.
Memory consumption went from 164.5 MB to 159.4 MB.
Total: 11.368750 ms (FindLiveObjects: 0.712209 ms CreateObjectMapping: 0.302584 ms MarkObjects: 7.327791 ms  DeleteObjects: 3.025125 ms)

========================================================================
Received Import Request.
  Time since last request: 235306.580385 seconds.
  path: Assets/Images/AngelHalo.prefab
  artifactKey: Guid(91fdce68ef0a04285a8fdaf05b6524ed) Importer(815301076,1909f56bfc062723c751e8b465ee728b)
Start importing Assets/Images/AngelHalo.prefab using Guid(91fdce68ef0a04285a8fdaf05b6524ed) Importer(815301076,1909f56bfc062723c751e8b465ee728b) (PreviewImporter) -> (artifact id: '4aa67ece7bb51db8ffb2f574c71502d7') in 0.808121 seconds
Number of updated asset objects reloaded before import = 0Number of asset objects unloaded after import = 20

========================================================================
Received Import Request.
  Time since last request: 0.000333 seconds.
  path: Assets/Images/Logo.png
  artifactKey: Guid(1e3dff8ed9f610443abab92d43e360e6) Importer(815301076,1909f56bfc062723c751e8b465ee728b)
Start importing Assets/Images/Logo.png using Guid(1e3dff8ed9f610443abab92d43e360e6) Importer(815301076,1909f56bfc062723c751e8b465ee728b) (PreviewImporter) -> (artifact id: 'e4c8223fb377b3acd53d609847e7290f') in 0.077773333 seconds
Number of updated asset objects reloaded before import = 0Number of asset objects unloaded after import = 3

========================================================================
Received Import Request.
  Time since last request: 0.000238 seconds.
  path: Assets/Images/Artboard 2.png
  artifactKey: Guid(004b18fbaf4f74f58a401d139271cbb3) Importer(815301076,1909f56bfc062723c751e8b465ee728b)
Start importing Assets/Images/Artboard 2.png using Guid(004b18fbaf4f74f58a401d139271cbb3) Importer(815301076,1909f56bfc062723c751e8b465ee728b) (PreviewImporter) -> (artifact id: '4ffc3d9a3cec1995be80d406c26ecb85') in 0.019796291 seconds
Number of updated asset objects reloaded before import = 0Number of asset objects unloaded after import = 3

========================================================================
Received Import Request.
  Time since last request: 25.817548 seconds.
  path: Assets/sprites/AlejandroSpritesL2/mushroom-2.png
  artifactKey: Guid(ada7c1da8088e46b1be44d25c4c2fa97) Importer(815301076,1909f56bfc062723c751e8b465ee728b)
Start importing Assets/sprites/AlejandroSpritesL2/mushroom-2.png using Guid(ada7c1da8088e46b1be44d25c4c2fa97) Importer(815301076,1909f56bfc062723c751e8b465ee728b) (PreviewImporter) -> (artifact id: '8909c140e72c7fdf9e9b9f5378f1a8a0') in 0.02711275 seconds
Number of updated asset objects reloaded before import = 0Number of asset objects unloaded after import = 3

========================================================================
Received Import Request.
  Time since last request: 0.000148 seconds.
  path: Assets/sprites/AlejandroSpritesL2/mushroom-3.png
  artifactKey: Guid(be7baeefe0544405480a343825959379) Importer(815301076,1909f56bfc062723c751e8b465ee728b)
Start importing Assets/sprites/AlejandroSpritesL2/mushroom-3.png using Guid(be7baeefe0544405480a343825959379) Importer(815301076,1909f56bfc062723c751e8b465ee728b) (PreviewImporter) -> (artifact id: 'c22d71eb6a018fa7b107daa238b79519') in 0.010756542 seconds
Number of updated asset objects reloaded before import = 0Number of asset objects unloaded after import = 3

========================================================================
Received Import Request.
  Time since last request: 0.691239 seconds.
  path: Assets/sprites/AlejandroSpritesL2/plant-4 1.png
  artifactKey: Guid(12e20f5e828514891b0ee819e7ca6ce4) Importer(815301076,1909f56bfc062723c751e8b465ee728b)
Start importing Assets/sprites/AlejandroSpritesL2/plant-4 1.png using Guid(12e20f5e828514891b0ee819e7ca6ce4) Importer(815301076,1909f56bfc062723c751e8b465ee728b) (PreviewImporter) -> (artifact id: '765cd8917420bcb5eccb5b78521d8222') in 0.023071042 seconds
Number of updated asset objects reloaded before import = 0Number of asset objects unloaded after import = 5

========================================================================
Received Import Request.
  Time since last request: 0.096911 seconds.
  path: Assets/sprites/AlejandroSpritesL2/plant-5.png
  artifactKey: Guid(14eb72ffeba264487805c5a77f2faa61) Importer(815301076,1909f56bfc062723c751e8b465ee728b)
Start importing Assets/sprites/AlejandroSpritesL2/plant-5.png using Guid(14eb72ffeba264487805c5a77f2faa61) Importer(815301076,1909f56bfc062723c751e8b465ee728b) (PreviewImporter) -> (artifact id: '1d676a2bf27ad2467362d583c2a6e832') in 0.023620959 seconds
Number of updated asset objects reloaded before import = 0Number of asset objects unloaded after import = 3

========================================================================
Received Import Request.
  Time since last request: 0.021174 seconds.
  path: Assets/sprites/AlejandroSpritesL2/plant-6.png
  artifactKey: Guid(cea11de6a3a4146d0b4425f85e83e8e0) Importer(815301076,1909f56bfc062723c751e8b465ee728b)
Start importing Assets/sprites/AlejandroSpritesL2/plant-6.png using Guid(cea11de6a3a4146d0b4425f85e83e8e0) Importer(815301076,1909f56bfc062723c751e8b465ee728b) (PreviewImporter) -> (artifact id: 'dc85b7939e244c0fbcf909521b9725ee') in 0.014441292 seconds
Number of updated asset objects reloaded before import = 0Number of asset objects unloaded after import = 3

========================================================================
Received Import Request.
  Time since last request: 0.000124 seconds.
  path: Assets/sprites/AlejandroSpritesL2/plant-9.png
  artifactKey: Guid(b06cf4c8956ee404d86bc1ef0703424e) Importer(815301076,1909f56bfc062723c751e8b465ee728b)
Start importing Assets/sprites/AlejandroSpritesL2/plant-9.png using Guid(b06cf4c8956ee404d86bc1ef0703424e) Importer(815301076,1909f56bfc062723c751e8b465ee728b) (PreviewImporter) -> (artifact id: 'c98555fc47e9752a9004d782af3b52b9') in 0.014576917 seconds
Number of updated asset objects reloaded before import = 0Number of asset objects unloaded after import = 3

========================================================================
Received Import Request.
  Time since last request: 0.000183 seconds.
  path: Assets/sprites/AlejandroSpritesL2/rock-5.png
  artifactKey: Guid(d504672055a434c8cbf015a550e43109) Importer(815301076,1909f56bfc062723c751e8b465ee728b)
Start importing Assets/sprites/AlejandroSpritesL2/rock-5.png using Guid(d504672055a434c8cbf015a550e43109) Importer(815301076,1909f56bfc062723c751e8b465ee728b) (PreviewImporter) -> (artifact id: 'dcaaf4e5e7d543dbfa914273fb5101ce') in 0.016752958 seconds
Number of updated asset objects reloaded before import = 0Number of asset objects unloaded after import = 3

========================================================================
Received Import Request.
  Time since last request: 0.005190 seconds.
  path: Assets/sprites/AlejandroSpritesL2/root_2_2.png
  artifactKey: Guid(e1d0c323fe37b442cbf27e749fde7cc7) Importer(815301076,1909f56bfc062723c751e8b465ee728b)
Start importing Assets/sprites/AlejandroSpritesL2/root_2_2.png using Guid(e1d0c323fe37b442cbf27e749fde7cc7) Importer(815301076,1909f56bfc062723c751e8b465ee728b) (PreviewImporter) -> (artifact id: '29851b14a4cd2eebba0086261b9779dd') in 0.008840792 seconds
Number of updated asset objects reloaded before import = 0Number of asset objects unloaded after import = 3

========================================================================
Received Import Request.
  Time since last request: 0.032894 seconds.
  path: Assets/sprites/AlejandroSpritesL2/root_2_3 1.png
  artifactKey: Guid(aa7273c725d4e4920800bdcc37456646) Importer(815301076,1909f56bfc062723c751e8b465ee728b)
Start importing Assets/sprites/AlejandroSpritesL2/root_2_3 1.png using Guid(aa7273c725d4e4920800bdcc37456646) Importer(815301076,1909f56bfc062723c751e8b465ee728b) (PreviewImporter) -> (artifact id: '11f5b210d38f4715312427fbee11493e') in 0.01366825 seconds
Number of updated asset objects reloaded before import = 0Number of asset objects unloaded after import = 3

========================================================================
Received Import Request.
  Time since last request: 0.116450 seconds.
  path: Assets/sprites/AlejandroSpritesL2/root_7_2.png
  artifactKey: Guid(3f7a7324a883a48ac9a006145fc842c3) Importer(815301076,1909f56bfc062723c751e8b465ee728b)
Start importing Assets/sprites/AlejandroSpritesL2/root_7_2.png using Guid(3f7a7324a883a48ac9a006145fc842c3) Importer(815301076,1909f56bfc062723c751e8b465ee728b) (PreviewImporter) -> (artifact id: '88d6432d8bd63c8834687624067bdfea') in 0.008581833 seconds
Number of updated asset objects reloaded before import = 0Number of asset objects unloaded after import = 3

========================================================================
Received Import Request.
  Time since last request: 0.000781 seconds.
  path: Assets/sprites/AlejandroSpritesL2/skull_5.png
  artifactKey: Guid(d98a9e2615d4441d1a97c2ee9a66c745) Importer(815301076,1909f56bfc062723c751e8b465ee728b)
Start importing Assets/sprites/AlejandroSpritesL2/skull_5.png using Guid(d98a9e2615d4441d1a97c2ee9a66c745) Importer(815301076,1909f56bfc062723c751e8b465ee728b) (PreviewImporter) -> (artifact id: '5ffdb2b5aa926097053527431aa52d37') in 0.01042125 seconds
Number of updated asset objects reloaded before import = 0Number of asset objects unloaded after import = 3

========================================================================
Received Import Request.
  Time since last request: 0.000162 seconds.
  path: Assets/sprites/AlejandroSpritesL2/spiderweb_2.png
  artifactKey: Guid(e0c14909d5c4047c49c00aaa3bd4766e) Importer(815301076,1909f56bfc062723c751e8b465ee728b)
Start importing Assets/sprites/AlejandroSpritesL2/spiderweb_2.png using Guid(e0c14909d5c4047c49c00aaa3bd4766e) Importer(815301076,1909f56bfc062723c751e8b465ee728b) (PreviewImporter) -> (artifact id: '1863190aa8b76037001501ed13fd1772') in 0.009876083 seconds
Number of updated asset objects reloaded before import = 0Number of asset objects unloaded after import = 3

========================================================================
Received Import Request.
  Time since last request: 0.000116 seconds.
  path: Assets/sprites/AlejandroSpritesL2/spiderweb_5 1.png
  artifactKey: Guid(fc295ee5cb6ec44b38ded421381ea132) Importer(815301076,1909f56bfc062723c751e8b465ee728b)
Start importing Assets/sprites/AlejandroSpritesL2/spiderweb_5 1.png using Guid(fc295ee5cb6ec44b38ded421381ea132) Importer(815301076,1909f56bfc062723c751e8b465ee728b) (PreviewImporter) -> (artifact id: '6acf6beb924ea579ae142f61015fb68d') in 0.010557667 seconds
Number of updated asset objects reloaded before import = 0Number of asset objects unloaded after import = 3

========================================================================
Received Import Request.
  Time since last request: 0.000142 seconds.
  path: Assets/sprites/AlejandroSpritesL2/spiderweb_6 1.png
  artifactKey: Guid(3cc788b352a774ef1b853176b32788a6) Importer(815301076,1909f56bfc062723c751e8b465ee728b)
Start importing Assets/sprites/AlejandroSpritesL2/spiderweb_6 1.png using Guid(3cc788b352a774ef1b853176b32788a6) Importer(815301076,1909f56bfc062723c751e8b465ee728b) (PreviewImporter) -> (artifact id: 'e8849a773850bc6f251df5e855d0f4ec') in 0.01098625 seconds
Number of updated asset objects reloaded before import = 0Number of asset objects unloaded after import = 3

========================================================================
Received Import Request.
  Time since last request: 0.001161 seconds.
  path: Assets/sprites/AlejandroSpritesL2/tree-4.png
  artifactKey: Guid(828569226e6d045038d5beb55c1f486a) Importer(815301076,1909f56bfc062723c751e8b465ee728b)
Start importing Assets/sprites/AlejandroSpritesL2/tree-4.png using Guid(828569226e6d045038d5beb55c1f486a) Importer(815301076,1909f56bfc062723c751e8b465ee728b) (PreviewImporter) -> (artifact id: 'f59c73507b8a59436f29a2224ab9718d') in 0.028683584 seconds
Number of updated asset objects reloaded before import = 0Number of asset objects unloaded after import = 8

========================================================================
Received Import Request.
  Time since last request: 1.668261 seconds.
  path: Assets/sprites/avant-plan/___0003s_0001s_0003_2.png
  artifactKey: Guid(a0bdf3887984804429507921d6b4a9ec) Importer(815301076,1909f56bfc062723c751e8b465ee728b)
Start importing Assets/sprites/avant-plan/___0003s_0001s_0003_2.png using Guid(a0bdf3887984804429507921d6b4a9ec) Importer(815301076,1909f56bfc062723c751e8b465ee728b) (PreviewImporter) -> (artifact id: '4d4bd730d2b891d1100f491b46cca6c0') in 0.015881875 seconds
Number of updated asset objects reloaded before import = 0Number of asset objects unloaded after import = 3

========================================================================
Received Import Request.
  Time since last request: 0.000141 seconds.
  path: Assets/sprites/avant-plan/___0003s_0001s_0006_5.png
  artifactKey: Guid(80c86148bc1fb3540af8e89314c3b1c5) Importer(815301076,1909f56bfc062723c751e8b465ee728b)
Start importing Assets/sprites/avant-plan/___0003s_0001s_0006_5.png using Guid(80c86148bc1fb3540af8e89314c3b1c5) Importer(815301076,1909f56bfc062723c751e8b465ee728b) (PreviewImporter) -> (artifact id: '6251e12d7f0ea8abfe861ab83ac66367') in 0.016130417 seconds
Number of updated asset objects reloaded before import = 0Number of asset objects unloaded after import = 3

========================================================================
Received Import Request.
  Time since last request: 1.293691 seconds.
  path: Assets/sprites/avant-plan/___0003s_0000s_0004_3.png
  artifactKey: Guid(4ca9a9f893a239e4a94090d413e951ae) Importer(815301076,1909f56bfc062723c751e8b465ee728b)
Start importing Assets/sprites/avant-plan/___0003s_0000s_0004_3.png using Guid(4ca9a9f893a239e4a94090d413e951ae) Importer(815301076,1909f56bfc062723c751e8b465ee728b) (PreviewImporter) -> (artifact id: '6a332b420ebc6e6e603eff9956bb49c1') in 0.016731834 seconds
Number of updated asset objects reloaded before import = 0Number of asset objects unloaded after import = 3

========================================================================
Received Import Request.
  Time since last request: 0.009602 seconds.
  path: Assets/sprites/avant-plan/___0003s_0000s_0002_1.png
  artifactKey: Guid(4b500a2027a62f2479a692b8a9f4285f) Importer(815301076,1909f56bfc062723c751e8b465ee728b)
Start importing Assets/sprites/avant-plan/___0003s_0000s_0002_1.png using Guid(4b500a2027a62f2479a692b8a9f4285f) Importer(815301076,1909f56bfc062723c751e8b465ee728b) (PreviewImporter) -> (artifact id: 'd4a616b636dfa7334d09914acd1616fd') in 0.012852916 seconds
Number of updated asset objects reloaded before import = 0Number of asset objects unloaded after import = 3

========================================================================
Received Import Request.
  Time since last request: 0.015745 seconds.
  path: Assets/sprites/avant-plan/___0003s_0000s_0000s_0005_4.png
  artifactKey: Guid(b0471e7a20e74ee49ba205408d6e10ec) Importer(815301076,1909f56bfc062723c751e8b465ee728b)
Start importing Assets/sprites/avant-plan/___0003s_0000s_0000s_0005_4.png using Guid(b0471e7a20e74ee49ba205408d6e10ec) Importer(815301076,1909f56bfc062723c751e8b465ee728b) (PreviewImporter) -> (artifact id: 'ae79f4316be5b872db73b83e91626c8e') in 0.010849125 seconds
Number of updated asset objects reloaded before import = 0Number of asset objects unloaded after import = 3

========================================================================
Received Import Request.
  Time since last request: 0.019276 seconds.
  path: Assets/sprites/avant-plan/___0003s_0000s_0000s_0003_2.png
  artifactKey: Guid(0cb5e54bd893b3c488ac51a8ff849bc1) Importer(815301076,1909f56bfc062723c751e8b465ee728b)
Start importing Assets/sprites/avant-plan/___0003s_0000s_0000s_0003_2.png using Guid(0cb5e54bd893b3c488ac51a8ff849bc1) Importer(815301076,1909f56bfc062723c751e8b465ee728b) (PreviewImporter) -> (artifact id: '7d0cbbd5cb3cba0d0ca691cf66fe45cd') in 0.011435708 seconds
Number of updated asset objects reloaded before import = 0Number of asset objects unloaded after import = 3

========================================================================
Received Import Request.
  Time since last request: 0.156959 seconds.
  path: Assets/sprites/avant-plan/___0002s_0004_5.png
  artifactKey: Guid(d539d77a7ec03c0408ff67bec4eadc13) Importer(815301076,1909f56bfc062723c751e8b465ee728b)
Start importing Assets/sprites/avant-plan/___0002s_0004_5.png using Guid(d539d77a7ec03c0408ff67bec4eadc13) Importer(815301076,1909f56bfc062723c751e8b465ee728b) (PreviewImporter) -> (artifact id: 'b171081a98a8b46d073f560b8f745b5f') in 0.010938042 seconds
Number of updated asset objects reloaded before import = 0Number of asset objects unloaded after import = 3

========================================================================
Received Import Request.
  Time since last request: 0.023138 seconds.
  path: Assets/sprites/avant-plan/___0002s_0000s_0006_7.png
  artifactKey: Guid(39f867a20bbaf9240a35b8879cd7ab93) Importer(815301076,1909f56bfc062723c751e8b465ee728b)
Start importing Assets/sprites/avant-plan/___0002s_0000s_0006_7.png using Guid(39f867a20bbaf9240a35b8879cd7ab93) Importer(815301076,1909f56bfc062723c751e8b465ee728b) (PreviewImporter) -> (artifact id: '12f363038140b38af90829081092eada') in 0.010918792 seconds
Number of updated asset objects reloaded before import = 0Number of asset objects unloaded after import = 3

========================================================================
Received Import Request.
  Time since last request: 0.000176 seconds.
  path: Assets/sprites/avant-plan/___0002s_0000s_0005_6.png
  artifactKey: Guid(3907c4fc16ebbf74a83f3937d7005a9f) Importer(815301076,1909f56bfc062723c751e8b465ee728b)
Start importing Assets/sprites/avant-plan/___0002s_0000s_0005_6.png using Guid(3907c4fc16ebbf74a83f3937d7005a9f) Importer(815301076,1909f56bfc062723c751e8b465ee728b) (PreviewImporter) -> (artifact id: '84c0cf19d3f5412fd09cf28601711140') in 0.0124825 seconds
Number of updated asset objects reloaded before import = 0Number of asset objects unloaded after import = 3

========================================================================
Received Import Request.
  Time since last request: 0.000231 seconds.
  path: Assets/sprites/avant-plan/___0002s_0000s_0003_4.png
  artifactKey: Guid(35957b6cb7f8c8747ae5c229c03e5138) Importer(815301076,1909f56bfc062723c751e8b465ee728b)
Start importing Assets/sprites/avant-plan/___0002s_0000s_0003_4.png using Guid(35957b6cb7f8c8747ae5c229c03e5138) Importer(815301076,1909f56bfc062723c751e8b465ee728b) (PreviewImporter) -> (artifact id: 'ee4c887424c3f5165a83d66b91ce176a') in 0.009119375 seconds
Number of updated asset objects reloaded before import = 0Number of asset objects unloaded after import = 3

========================================================================
Received Import Request.
  Time since last request: 0.014986 seconds.
  path: Assets/sprites/avant-plan/___0002s_0000s_0001_2.png
  artifactKey: Guid(b1b3ec731823f294d81d9840bacc556a) Importer(815301076,1909f56bfc062723c751e8b465ee728b)
Start importing Assets/sprites/avant-plan/___0002s_0000s_0001_2.png using Guid(b1b3ec731823f294d81d9840bacc556a) Importer(815301076,1909f56bfc062723c751e8b465ee728b) (PreviewImporter) -> (artifact id: '69f781a1c6c8c76c8556cfb20e92a029') in 0.011680792 seconds
Number of updated asset objects reloaded before import = 0Number of asset objects unloaded after import = 3

========================================================================
Received Import Request.
  Time since last request: 0.122750 seconds.
  path: Assets/sprites/avant-plan/___0001s_0001_2.png
  artifactKey: Guid(50b564e3b94729740b11dd768e6ee836) Importer(815301076,1909f56bfc062723c751e8b465ee728b)
Start importing Assets/sprites/avant-plan/___0001s_0001_2.png using Guid(50b564e3b94729740b11dd768e6ee836) Importer(815301076,1909f56bfc062723c751e8b465ee728b) (PreviewImporter) -> (artifact id: 'f1a2dd6886947441aef6080e4f8362c0') in 0.009769709 seconds
Number of updated asset objects reloaded before import = 0Number of asset objects unloaded after import = 3

========================================================================
Received Import Request.
  Time since last request: 3.927180 seconds.
  path: Assets/sprites/mushroom/mushroom-2.psb
  artifactKey: Guid(a333d2944ef0ab3408d31211a33ca8b6) Importer(815301076,1909f56bfc062723c751e8b465ee728b)
Start importing Assets/sprites/mushroom/mushroom-2.psb using Guid(a333d2944ef0ab3408d31211a33ca8b6) Importer(815301076,1909f56bfc062723c751e8b465ee728b) (PreviewImporter) -> (artifact id: 'f710ef553399ac13c9187d1ac0844791') in 0.07227125 seconds
Number of updated asset objects reloaded before import = 0Number of asset objects unloaded after import = 11

========================================================================
Received Import Request.
  Time since last request: 0.000199 seconds.
  path: Assets/sprites/mushroom/mushroom-4.psb
  artifactKey: Guid(46d9d62bcdc3c4442ab639070b442e48) Importer(815301076,1909f56bfc062723c751e8b465ee728b)
Start importing Assets/sprites/mushroom/mushroom-4.psb using Guid(46d9d62bcdc3c4442ab639070b442e48) Importer(815301076,1909f56bfc062723c751e8b465ee728b) (PreviewImporter) -> (artifact id: '328861db1b4f220094b0023e74b132ca') in 0.02129275 seconds
Number of updated asset objects reloaded before import = 0Number of asset objects unloaded after import = 11

========================================================================
Received Import Request.
  Time since last request: 0.000052 seconds.
  path: Assets/sprites/mushroom/mushroom-5.psb
  artifactKey: Guid(c1f9352cd7fbab142beafeff0e6058c8) Importer(815301076,1909f56bfc062723c751e8b465ee728b)
Start importing Assets/sprites/mushroom/mushroom-5.psb using Guid(c1f9352cd7fbab142beafeff0e6058c8) Importer(815301076,1909f56bfc062723c751e8b465ee728b) (PreviewImporter) -> (artifact id: '9c2e07ef0175fd804b6cf216bb98b998') in 0.023634 seconds
Number of updated asset objects reloaded before import = 0Number of asset objects unloaded after import = 11

========================================================================
Received Import Request.
  Time since last request: 0.000173 seconds.
  path: Assets/sprites/mushroom/mushroom-3.psb
  artifactKey: Guid(0ae71002373485e45bca9ef7585bf6e9) Importer(815301076,1909f56bfc062723c751e8b465ee728b)
Start importing Assets/sprites/mushroom/mushroom-3.psb using Guid(0ae71002373485e45bca9ef7585bf6e9) Importer(815301076,1909f56bfc062723c751e8b465ee728b) (PreviewImporter) -> (artifact id: '85d0879215b21df01c2e2f16cd7636ca') in 0.021669583 seconds
Number of updated asset objects reloaded before import = 0Number of asset objects unloaded after import = 11

========================================================================
Received Import Request.
  Time since last request: 1.063544 seconds.
  path: Assets/sprites/perso/attack sprite sheet 1.png
  artifactKey: Guid(a02a45c9bc9057a4890ad5369c3f1b5b) Importer(815301076,1909f56bfc062723c751e8b465ee728b)
Start importing Assets/sprites/perso/attack sprite sheet 1.png using Guid(a02a45c9bc9057a4890ad5369c3f1b5b) Importer(815301076,1909f56bfc062723c751e8b465ee728b) (PreviewImporter) -> (artifact id: 'c6a48695384113a0729b8b8578019d17') in 0.023720083 seconds
Number of updated asset objects reloaded before import = 0Number of asset objects unloaded after import = 6

========================================================================
Received Import Request.
  Time since last request: 0.000149 seconds.
  path: Assets/sprites/perso/Damage sprite sheet.png
  artifactKey: Guid(7713577ca33f7da43aac26e905e67904) Importer(815301076,1909f56bfc062723c751e8b465ee728b)
Start importing Assets/sprites/perso/Damage sprite sheet.png using Guid(7713577ca33f7da43aac26e905e67904) Importer(815301076,1909f56bfc062723c751e8b465ee728b) (PreviewImporter) -> (artifact id: 'adcc331af589036f1fb838cba4899bd7') in 0.030302417 seconds
Number of updated asset objects reloaded before import = 0Number of asset objects unloaded after import = 9

========================================================================
Received Import Request.
  Time since last request: 0.950099 seconds.
  path: Assets/sprites/plateformes/platform_1_2.png
  artifactKey: Guid(8220de5a368456b4ea3a2d6f2a52cd2f) Importer(815301076,1909f56bfc062723c751e8b465ee728b)
Start importing Assets/sprites/plateformes/platform_1_2.png using Guid(8220de5a368456b4ea3a2d6f2a52cd2f) Importer(815301076,1909f56bfc062723c751e8b465ee728b) (PreviewImporter) -> (artifact id: '953dc86df1dc3496765250093d98d79f') in 0.006846709 seconds
Number of updated asset objects reloaded before import = 0Number of asset objects unloaded after import = 3

========================================================================
Received Import Request.
  Time since last request: 0.000077 seconds.
  path: Assets/sprites/plateformes/platform_4_1.png
  artifactKey: Guid(73df25de485af8448a309343c7c821ac) Importer(815301076,1909f56bfc062723c751e8b465ee728b)
Start importing Assets/sprites/plateformes/platform_4_1.png using Guid(73df25de485af8448a309343c7c821ac) Importer(815301076,1909f56bfc062723c751e8b465ee728b) (PreviewImporter) -> (artifact id: 'b7be9b2ef19f474fff4d95a7abb05cb9') in 0.014878791 seconds
Number of updated asset objects reloaded before import = 0Number of asset objects unloaded after import = 4

========================================================================
Received Import Request.
  Time since last request: 0.902691 seconds.
  path: Assets/sprites/randomDecor/chain-2.psb
  artifactKey: Guid(a685adeaaddc3d3428d1c25d81731068) Importer(815301076,1909f56bfc062723c751e8b465ee728b)
Start importing Assets/sprites/randomDecor/chain-2.psb using Guid(a685adeaaddc3d3428d1c25d81731068) Importer(815301076,1909f56bfc062723c751e8b465ee728b) (PreviewImporter) -> (artifact id: '51f4a27c9d20975cf98b5f9e19bc18a6') in 0.021301709 seconds
Number of updated asset objects reloaded before import = 0Number of asset objects unloaded after import = 11

========================================================================
Received Import Request.
  Time since last request: 0.000056 seconds.
  path: Assets/sprites/randomDecor/chain-5.psb
  artifactKey: Guid(cec3bdf319be6954e9deb299f5bc4976) Importer(815301076,1909f56bfc062723c751e8b465ee728b)
Start importing Assets/sprites/randomDecor/chain-5.psb using Guid(cec3bdf319be6954e9deb299f5bc4976) Importer(815301076,1909f56bfc062723c751e8b465ee728b) (PreviewImporter) -> (artifact id: '58a844941d2ea80f5207105411c2c5aa') in 0.019514833 seconds
Number of updated asset objects reloaded before import = 0Number of asset objects unloaded after import = 11

========================================================================
Received Import Request.
  Time since last request: 0.000126 seconds.
  path: Assets/sprites/randomDecor/chain-4.psb
  artifactKey: Guid(81ad0b7257196944a818df717b9ce905) Importer(815301076,1909f56bfc062723c751e8b465ee728b)
Start importing Assets/sprites/randomDecor/chain-4.psb using Guid(81ad0b7257196944a818df717b9ce905) Importer(815301076,1909f56bfc062723c751e8b465ee728b) (PreviewImporter) -> (artifact id: 'bbd70c23a2646624b7143022fc5ad233') in 0.024111709 seconds
Number of updated asset objects reloaded before import = 0Number of asset objects unloaded after import = 11

========================================================================
Received Import Request.
  Time since last request: 0.686410 seconds.
  path: Assets/sprites/skulls/skull_1_1_1_blur.png
  artifactKey: Guid(a848dd6997d07c342b629bf7c4390fd3) Importer(815301076,1909f56bfc062723c751e8b465ee728b)
Start importing Assets/sprites/skulls/skull_1_1_1_blur.png using Guid(a848dd6997d07c342b629bf7c4390fd3) Importer(815301076,1909f56bfc062723c751e8b465ee728b) (PreviewImporter) -> (artifact id: '477606856a4a294d1a36b22d05df93f8') in 0.012434167 seconds
Number of updated asset objects reloaded before import = 0Number of asset objects unloaded after import = 3

========================================================================
Received Import Request.
  Time since last request: 0.000048 seconds.
  path: Assets/sprites/skulls/skull_1_1_2_blur.png
  artifactKey: Guid(d4acacb8352d05142b7eb344cc603a58) Importer(815301076,1909f56bfc062723c751e8b465ee728b)
Start importing Assets/sprites/skulls/skull_1_1_2_blur.png using Guid(d4acacb8352d05142b7eb344cc603a58) Importer(815301076,1909f56bfc062723c751e8b465ee728b) (PreviewImporter) -> (artifact id: '5fbd4a7b3be0f4c1dec525a17693f12c') in 0.011702083 seconds
Number of updated asset objects reloaded before import = 0Number of asset objects unloaded after import = 3

========================================================================
Received Import Request.
  Time since last request: 0.000162 seconds.
  path: Assets/sprites/skulls/skull_1_1_3_blur.png
  artifactKey: Guid(a4a05961095318c4d880f5b37639c7aa) Importer(815301076,1909f56bfc062723c751e8b465ee728b)
Start importing Assets/sprites/skulls/skull_1_1_3_blur.png using Guid(a4a05961095318c4d880f5b37639c7aa) Importer(815301076,1909f56bfc062723c751e8b465ee728b) (PreviewImporter) -> (artifact id: 'f6e016158d414ffc65708a91242ab404') in 0.013049083 seconds
Number of updated asset objects reloaded before import = 0Number of asset objects unloaded after import = 3

========================================================================
Received Import Request.
  Time since last request: 0.855464 seconds.
  path: Assets/sprites/webs/spiderweb_2.png
  artifactKey: Guid(1cffe9ad46d3ac44dab2a4d5e545bd78) Importer(815301076,1909f56bfc062723c751e8b465ee728b)
Start importing Assets/sprites/webs/spiderweb_2.png using Guid(1cffe9ad46d3ac44dab2a4d5e545bd78) Importer(815301076,1909f56bfc062723c751e8b465ee728b) (PreviewImporter) -> (artifact id: '970dbee533f1af4340fd8a91bf70cb68') in 0.007909542 seconds
Number of updated asset objects reloaded before import = 0Number of asset objects unloaded after import = 3

========================================================================
Received Import Request.
  Time since last request: 0.000198 seconds.
  path: Assets/sprites/webs/spiderweb_5.png
  artifactKey: Guid(acb0746638740a5469212ae76b937cdf) Importer(815301076,1909f56bfc062723c751e8b465ee728b)
Start importing Assets/sprites/webs/spiderweb_5.png using Guid(acb0746638740a5469212ae76b937cdf) Importer(815301076,1909f56bfc062723c751e8b465ee728b) (PreviewImporter) -> (artifact id: '936555bce85ad145e90247e2619a03f1') in 0.008400125 seconds
Number of updated asset objects reloaded before import = 0Number of asset objects unloaded after import = 3

========================================================================
Received Import Request.
  Time since last request: 0.000181 seconds.
  path: Assets/sprites/webs/spiderweb_3.png
  artifactKey: Guid(ef003512d2ccf5c4dbe49df636b3886f) Importer(815301076,1909f56bfc062723c751e8b465ee728b)
Start importing Assets/sprites/webs/spiderweb_3.png using Guid(ef003512d2ccf5c4dbe49df636b3886f) Importer(815301076,1909f56bfc062723c751e8b465ee728b) (PreviewImporter) -> (artifact id: 'f8fd3910b1b1048e3ebae523cc3abc1e') in 0.008475834 seconds
Number of updated asset objects reloaded before import = 0Number of asset objects unloaded after import = 3

========================================================================
Received Import Request.
  Time since last request: 0.860789 seconds.
  path: Assets/sprites/webs/spiderweb_10.png
  artifactKey: Guid(b2cc4c337dbdc594a8ae9cc4c079a7bd) Importer(815301076,1909f56bfc062723c751e8b465ee728b)
Start importing Assets/sprites/webs/spiderweb_10.png using Guid(b2cc4c337dbdc594a8ae9cc4c079a7bd) Importer(815301076,1909f56bfc062723c751e8b465ee728b) (PreviewImporter) -> (artifact id: 'b075e7694cf2583ceea25159d22a1b65') in 0.010362458 seconds
Number of updated asset objects reloaded before import = 0Number of asset objects unloaded after import = 3

========================================================================
Received Prepare
Refreshing native plugins compatible for Editor in 1.65 ms, found 3 plugins.
Preloading 0 native plugins for Editor in 0.00 ms.
Unloading 22 Unused Serialized files (Serialized files now loaded: 0)
Unloading 24 unused Assets / (2.6 MB). Loaded Objects now: 6949.
Memory consumption went from 128.6 MB to 126.0 MB.
Total: 18.864750 ms (FindLiveObjects: 0.467833 ms CreateObjectMapping: 0.161000 ms MarkObjects: 17.543750 ms  DeleteObjects: 0.691459 ms)

Prepare: number of updated asset objects reloaded= 119
========================================================================
Received Prepare
Refreshing native plugins compatible for Editor in 0.75 ms, found 3 plugins.
Preloading 0 native plugins for Editor in 0.00 ms.
Unloading 23 Unused Serialized files (Serialized files now loaded: 0)
Unloading 23 unused Assets / (2.6 MB). Loaded Objects now: 6949.
Memory consumption went from 128.5 MB to 125.8 MB.
Total: 8.087000 ms (FindLiveObjects: 0.245667 ms CreateObjectMapping: 0.129959 ms MarkObjects: 7.205625 ms  DeleteObjects: 0.505291 ms)

Prepare: number of updated asset objects reloaded= 0
========================================================================
Received Import Request.
  Time since last request: 23.291094 seconds.
  path: Assets/sprites/webs/spiderweb_2.png
  artifactKey: Guid(1cffe9ad46d3ac44dab2a4d5e545bd78) Importer(815301076,1909f56bfc062723c751e8b465ee728b)
Start importing Assets/sprites/webs/spiderweb_2.png using Guid(1cffe9ad46d3ac44dab2a4d5e545bd78) Importer(815301076,1909f56bfc062723c751e8b465ee728b) (PreviewImporter) -> (artifact id: '6292c1b3e9c79fb847a4c6b921c1c0b1') in 0.063742209 seconds
Number of updated asset objects reloaded before import = 0Number of asset objects unloaded after import = 3

========================================================================
Received Import Request.
  Time since last request: 0.000565 seconds.
  path: Assets/sprites/webs/spiderweb_5.png
  artifactKey: Guid(acb0746638740a5469212ae76b937cdf) Importer(815301076,1909f56bfc062723c751e8b465ee728b)
Start importing Assets/sprites/webs/spiderweb_5.png using Guid(acb0746638740a5469212ae76b937cdf) Importer(815301076,1909f56bfc062723c751e8b465ee728b) (PreviewImporter) -> (artifact id: '73e9550295f1e7ee661661a2db08dafe') in 0.017627125 seconds
Number of updated asset objects reloaded before import = 0Number of asset objects unloaded after import = 3

========================================================================
Received Import Request.
  Time since last request: 0.002158 seconds.
  path: Assets/sprites/webs/spiderweb_3.png
  artifactKey: Guid(ef003512d2ccf5c4dbe49df636b3886f) Importer(815301076,1909f56bfc062723c751e8b465ee728b)
Start importing Assets/sprites/webs/spiderweb_3.png using Guid(ef003512d2ccf5c4dbe49df636b3886f) Importer(815301076,1909f56bfc062723c751e8b465ee728b) (PreviewImporter) -> (artifact id: '4f2cb2275810492d67b0453dd97a8f50') in 0.009087042 seconds
Number of updated asset objects reloaded before import = 0Number of asset objects unloaded after import = 3

========================================================================
Received Prepare
Begin MonoManager ReloadAssembly
Thread 0x302107000 may have been prematurely finalized
Symbol file LoadedFromMemory doesn't match image /Users/mathi/Desktop/portfolio/PortfolioGH/VV/V-V/v-v-4J4-9ddca8e686c5182d2944d287d3896d856ad8bfa2/Library/PackageCache/com.unity.visualscripting@1.8.0/Editor/VisualScripting.Core/Dependencies/YamlDotNet/Unity.VisualScripting.YamlDotNet.dll
Symbol file LoadedFromMemory doesn't match image /Users/mathi/Desktop/portfolio/PortfolioGH/VV/V-V/v-v-4J4-9ddca8e686c5182d2944d287d3896d856ad8bfa2/Library/PackageCache/com.unity.visualscripting@1.8.0/Editor/VisualScripting.Core/Dependencies/DotNetZip/Unity.VisualScripting.IonicZip.dll
- Loaded All Assemblies, in  1.525 seconds
Refreshing native plugins compatible for Editor in 1.18 ms, found 3 plugins.
Native extension for WindowsStandalone target not found
Native extension for OSXStandalone target not found
Native extension for WebGL target not found
Refreshing native plugins compatible for Editor in 1.45 ms, found 3 plugins.
Mono: successfully reloaded assembly
- Finished resetting the current domain, in  1.428 seconds
Domain Reload Profiling: 2957ms
	BeginReloadAssembly (346ms)
		ExecutionOrderSort (0ms)
		DisableScriptedObjects (43ms)
		BackupInstance (0ms)
		ReleaseScriptingObjects (1ms)
		CreateAndSetChildDomain (163ms)
	RebuildCommonClasses (57ms)
	RebuildNativeTypeToScriptingClass (24ms)
	initialDomainReloadingComplete (37ms)
	LoadAllAssembliesAndSetupDomain (1065ms)
		LoadAssemblies (478ms)
		RebuildTransferFunctionScriptingTraits (0ms)
		AnalyzeDomain (656ms)
			TypeCache.Refresh (486ms)
				TypeCache.ScanAssembly (453ms)
			BuildScriptInfoCaches (145ms)
			ResolveRequiredComponents (20ms)
	FinalizeReload (1429ms)
		ReleaseScriptCaches (0ms)
		RebuildScriptCaches (0ms)
		SetupLoadedEditorAssemblies (1003ms)
			LogAssemblyErrors (0ms)
			InitializePlatformSupportModulesInManaged (7ms)
			SetLoadedEditorAssemblies (10ms)
			BeforeProcessingInitializeOnLoad (152ms)
			ProcessInitializeOnLoadAttributes (761ms)
			ProcessInitializeOnLoadMethodAttributes (71ms)
			AfterProcessingInitializeOnLoad (1ms)
			EditorAssembliesLoaded (0ms)
		ExecutionOrderSort2 (0ms)
		AwakeInstancesAfterBackupRestoration (17ms)
Refreshing native plugins compatible for Editor in 0.96 ms, found 3 plugins.
Preloading 0 native plugins for Editor in 0.00 ms.
Unloading 33 Unused Serialized files (Serialized files now loaded: 0)
Unloading 6064 unused Assets / (2.5 MB). Loaded Objects now: 6901.
Memory consumption went from 151.3 MB to 148.8 MB.
Total: 11.726708 ms (FindLiveObjects: 0.571166 ms CreateObjectMapping: 0.363125 ms MarkObjects: 8.717500 ms  DeleteObjects: 2.073791 ms)

Prepare: number of updated asset objects reloaded= 0
========================================================================
Received Prepare
Begin MonoManager ReloadAssembly
Thread 0x302107000 may have been prematurely finalized
Symbol file LoadedFromMemory doesn't match image /Users/mathi/Desktop/portfolio/PortfolioGH/VV/V-V/v-v-4J4-9ddca8e686c5182d2944d287d3896d856ad8bfa2/Library/PackageCache/com.unity.visualscripting@1.8.0/Editor/VisualScripting.Core/Dependencies/YamlDotNet/Unity.VisualScripting.YamlDotNet.dll
Symbol file LoadedFromMemory doesn't match image /Users/mathi/Desktop/portfolio/PortfolioGH/VV/V-V/v-v-4J4-9ddca8e686c5182d2944d287d3896d856ad8bfa2/Library/PackageCache/com.unity.visualscripting@1.8.0/Editor/VisualScripting.Core/Dependencies/DotNetZip/Unity.VisualScripting.IonicZip.dll
- Loaded All Assemblies, in  2.560 seconds
Refreshing native plugins compatible for Editor in 1.79 ms, found 3 plugins.
Native extension for WindowsStandalone target not found
Native extension for OSXStandalone target not found
Native extension for WebGL target not found
Refreshing native plugins compatible for Editor in 1.44 ms, found 3 plugins.
Mono: successfully reloaded assembly
- Finished resetting the current domain, in  1.632 seconds
Domain Reload Profiling: 4196ms
	BeginReloadAssembly (947ms)
		ExecutionOrderSort (2ms)
		DisableScriptedObjects (76ms)
		BackupInstance (0ms)
		ReleaseScriptingObjects (2ms)
		CreateAndSetChildDomain (423ms)
	RebuildCommonClasses (97ms)
	RebuildNativeTypeToScriptingClass (36ms)
	initialDomainReloadingComplete (64ms)
	LoadAllAssembliesAndSetupDomain (1419ms)
		LoadAssemblies (843ms)
		RebuildTransferFunctionScriptingTraits (0ms)
		AnalyzeDomain (809ms)
			TypeCache.Refresh (595ms)
				TypeCache.ScanAssembly (545ms)
			BuildScriptInfoCaches (182ms)
			ResolveRequiredComponents (29ms)
	FinalizeReload (1632ms)
		ReleaseScriptCaches (0ms)
		RebuildScriptCaches (0ms)
		SetupLoadedEditorAssemblies (1174ms)
			LogAssemblyErrors (0ms)
			InitializePlatformSupportModulesInManaged (7ms)
			SetLoadedEditorAssemblies (12ms)
			BeforeProcessingInitializeOnLoad (142ms)
			ProcessInitializeOnLoadAttributes (910ms)
			ProcessInitializeOnLoadMethodAttributes (102ms)
			AfterProcessingInitializeOnLoad (2ms)
			EditorAssembliesLoaded (0ms)
		ExecutionOrderSort2 (0ms)
		AwakeInstancesAfterBackupRestoration (31ms)
Refreshing native plugins compatible for Editor in 1.32 ms, found 3 plugins.
Preloading 0 native plugins for Editor in 0.00 ms.
Unloading 20 Unused Serialized files (Serialized files now loaded: 0)
Unloading 6064 unused Assets / (3.1 MB). Loaded Objects now: 6901.
Memory consumption went from 149.3 MB to 146.3 MB.
Total: 14.556750 ms (FindLiveObjects: 0.563541 ms CreateObjectMapping: 0.415125 ms MarkObjects: 10.672333 ms  DeleteObjects: 2.904500 ms)

Prepare: number of updated asset objects reloaded= 78
========================================================================
Received Prepare
Refreshing native plugins compatible for Editor in 1.24 ms, found 3 plugins.
Preloading 0 native plugins for Editor in 0.00 ms.
Unloading 20 Unused Serialized files (Serialized files now loaded: 0)
Unloading 20 unused Assets / (2.8 MB). Loaded Objects now: 6901.
Memory consumption went from 137.5 MB to 134.7 MB.
Total: 20.145875 ms (FindLiveObjects: 0.402042 ms CreateObjectMapping: 0.261375 ms MarkObjects: 18.603334 ms  DeleteObjects: 0.877167 ms)

Prepare: number of updated asset objects reloaded= 0
